<?xml version="1.0" encoding="UTF-8"?>
<coverage generated="1652350280117" clover="3.2.0">
  <project timestamp="1652350280118" name="All files">
    <metrics statements="12" coveredstatements="7" conditionals="0" coveredconditionals="0" methods="8" coveredmethods="3" elements="20" coveredelements="10" complexity="0" loc="12" ncloc="12" packages="1" files="2" classes="2"/>
    <file name="SkuAPICalls.js" path="C:\Users\manue\OneDrive\Desktop\Materiale didattico universita'\Master Degree\First Year\Software Engineering\EzWh\code\server\unit_test\APICalls\SkuAPICalls.js">
      <metrics statements="8" coveredstatements="3" conditionals="0" coveredconditionals="0" methods="6" coveredmethods="1"/>
      <line num="2" count="1" type="stmt"/>
      <line num="9" count="1" type="stmt"/>
      <line num="13" count="0" type="stmt"/>
      <line num="24" count="0" type="stmt"/>
      <line num="34" count="0" type="stmt"/>
      <line num="52" count="0" type="stmt"/>
      <line num="70" count="0" type="stmt"/>
      <line num="83" count="1" type="stmt"/>
    </file>
    <file name="UtilityCalls.js" path="C:\Users\manue\OneDrive\Desktop\Materiale didattico universita'\Master Degree\First Year\Software Engineering\EzWh\code\server\unit_test\APICalls\UtilityCalls.js">
      <metrics statements="4" coveredstatements="4" conditionals="0" coveredconditionals="0" methods="2" coveredmethods="2"/>
      <line num="3" count="1" type="stmt"/>
      <line num="9" count="1" type="stmt"/>
      <line num="13" count="1" type="stmt"/>
      <line num="28" count="1" type="stmt"/>
    </file>
  </project>
</coverage>
