TN:
SF:APICalls\SkuAPICalls.js
FN:8,(anonymous_0)
FN:12,(anonymous_1)
FN:23,(anonymous_2)
FN:33,(anonymous_3)
FN:51,(anonymous_4)
FN:69,(anonymous_5)
FNF:6
FNH:1
FNDA:1,(anonymous_0)
FNDA:0,(anonymous_1)
FNDA:0,(anonymous_2)
FNDA:0,(anonymous_3)
FNDA:0,(anonymous_4)
FNDA:0,(anonymous_5)
DA:2,1
DA:9,1
DA:13,0
DA:24,0
DA:34,0
DA:52,0
DA:70,0
DA:83,1
LF:8
LH:3
BRF:0
BRH:0
end_of_record
TN:
SF:APICalls\UtilityCalls.js
FN:8,(anonymous_0)
FN:12,(anonymous_1)
FNF:2
FNH:2
FNDA:1,(anonymous_0)
FNDA:1,(anonymous_1)
DA:3,1
DA:9,1
DA:13,1
DA:28,1
LF:4
LH:4
BRF:0
BRH:0
end_of_record
